# JRE version: Java(TM) SE Runtime Environment (8.0_311-b11) (build 1.8.0_311-b11)
# Java VM: Java HotSpot(TM) Client VM (25.311-b11 mixed mode windows-x86 )
Heap:
 def new generation   total 4928K, used 2931K [0x05200000, 0x05750000, 0x0a750000)
  eden space 4416K,  55% used [0x05200000, 0x05462ab8, 0x05650000)
  from space 512K,  95% used [0x05650000, 0x056ca3a8, 0x056d0000)
  to   space 512K,   0% used [0x056d0000, 0x056d0000, 0x05750000)
 tenured generation   total 10944K, used 10543K [0x0a750000, 0x0b200000, 0x15200000)
   the space 10944K,  96% used [0x0a750000, 0x0b19be18, 0x0b19c000, 0x0b200000)
 Metaspace       used 2392K, capacity 2533K, committed 2624K, reserved 7744K
GC Heap History (10 events):
Event: 29.452 GC heap before
{Heap before GC invocations=3 (full 0):
 def new generation   total 4928K, used 4928K [0x05200000, 0x05750000, 0x0a750000)
  eden space 4416K, 100% used [0x05200000, 0x05650000, 0x05650000)
  from space 512K, 100% used [0x056d0000, 0x05750000, 0x05750000)
  to   space 512K,   0% used [0x05650000, 0x05650000, 0x056d0000)
 tenured generation   total 10944K, used 9721K [0x0a750000, 0x0b200000, 0x15200000)
   the space 10944K,  88% used [0x0a750000, 0x0b0ce548, 0x0b0ce600, 0x0b200000)
 Metaspace       used 2376K, capacity 2501K, committed 2624K, reserved 7744K
Event: 29.455 GC heap after
Heap after GC invocations=4 (full 0):
 def new generation   total 4928K, used 179K [0x05200000, 0x05750000, 0x0a750000)
  eden space 4416K,   0% used [0x05200000, 0x05200000, 0x05650000)
  from space 512K,  35% used [0x05650000, 0x0567cf18, 0x056d0000)
  to   space 512K,   0% used [0x056d0000, 0x056d0000, 0x05750000)
 tenured generation   total 10944K, used 10233K [0x0a750000, 0x0b200000, 0x15200000)
   the space 10944K,  93% used [0x0a750000, 0x0b14e4f0, 0x0b14e600, 0x0b200000)
 Metaspace       used 2376K, capacity 2501K, committed 2624K, reserved 7744K
}
Event: 29.728 GC heap before
{Heap before GC invocations=4 (full 0):
 def new generation   total 4928K, used 4595K [0x05200000, 0x05750000, 0x0a750000)
  eden space 4416K, 100% used [0x05200000, 0x05650000, 0x05650000)
  from space 512K,  35% used [0x05650000, 0x0567cf18, 0x056d0000)
  to   space 512K,   0% used [0x056d0000, 0x056d0000, 0x05750000)
 tenured generation   total 10944K, used 10233K [0x0a750000, 0x0b200000, 0x15200000)
   the space 10944K,  93% used [0x0a750000, 0x0b14e4f0, 0x0b14e600, 0x0b200000)
 Metaspace       used 2376K, capacity 2501K, committed 2624K, reserved 7744K
Event: 29.730 GC heap after
Heap after GC invocations=5 (full 0):
 def new generation   total 4928K, used 310K [0x05200000, 0x05750000, 0x0a750000)
  eden space 4416K,   0% used [0x05200000, 0x05200000, 0x05650000)
  from space 512K,  60% used [0x056d0000, 0x0571d928, 0x05750000)
  to   space 512K,   0% used [0x05650000, 0x05650000, 0x056d0000)
 tenured generation   total 10944K, used 10233K [0x0a750000, 0x0b200000, 0x15200000)
   the space 10944K,  93% used [0x0a750000, 0x0b14e4f0, 0x0b14e600, 0x0b200000)
 Metaspace       used 2376K, capacity 2501K, committed 2624K, reserved 7744K
}
Event: 29.831 GC heap before
{Heap before GC invocations=5 (full 0):
 def new generation   total 4928K, used 4726K [0x05200000, 0x05750000, 0x0a750000)
  eden space 4416K, 100% used [0x05200000, 0x05650000, 0x05650000)
  from space 512K,  60% used [0x056d0000, 0x0571d928, 0x05750000)
  to   space 512K,   0% used [0x05650000, 0x05650000, 0x056d0000)
 tenured generation   total 10944K, used 10233K [0x0a750000, 0x0b200000, 0x15200000)
   the space 10944K,  93% used [0x0a750000, 0x0b14e4f0, 0x0b14e600, 0x0b200000)
 Metaspace       used 2376K, capacity 2501K, committed 2624K, reserved 7744K
Event: 29.844 GC heap after
Heap after GC invocations=6 (full 0):
 def new generation   total 4928K, used 282K [0x05200000, 0x05750000, 0x0a750000)
  eden space 4416K,   0% used [0x05200000, 0x05200000, 0x05650000)
  from space 512K,  55% used [0x05650000, 0x05696b48, 0x056d0000)
  to   space 512K,   0% used [0x056d0000, 0x056d0000, 0x05750000)
 tenured generation   total 10944K, used 10413K [0x0a750000, 0x0b200000, 0x15200000)
   the space 10944K,  95% used [0x0a750000, 0x0b17b408, 0x0b17b600, 0x0b200000)
 Metaspace       used 2376K, capacity 2501K, committed 2624K, reserved 7744K
}
Event: 29.882 GC heap before
{Heap before GC invocations=6 (full 0):
 def new generation   total 4928K, used 4698K [0x05200000, 0x05750000, 0x0a750000)
  eden space 4416K, 100% used [0x05200000, 0x05650000, 0x05650000)
  from space 512K,  55% used [0x05650000, 0x05696b48, 0x056d0000)
  to   space 512K,   0% used [0x056d0000, 0x056d0000, 0x05750000)
 tenured generation   total 10944K, used 10413K [0x0a750000, 0x0b200000, 0x15200000)
   the space 10944K,  95% used [0x0a750000, 0x0b17b408, 0x0b17b600, 0x0b200000)
 Metaspace       used 2376K, capacity 2501K, committed 2624K, reserved 7744K
Event: 29.908 GC heap after
Heap after GC invocations=7 (full 0):
 def new generation   total 4928K, used 209K [0x05200000, 0x05750000, 0x0a750000)
  eden space 4416K,   0% used [0x05200000, 0x05200000, 0x05650000)
  from space 512K,  41% used [0x056d0000, 0x057047e8, 0x05750000)
  to   space 512K,   0% used [0x05650000, 0x05650000, 0x056d0000)
 tenured generation   total 10944K, used 10543K [0x0a750000, 0x0b200000, 0x15200000)
   the space 10944K,  96% used [0x0a750000, 0x0b19be18, 0x0b19c000, 0x0b200000)
 Metaspace       used 2376K, capacity 2501K, committed 2624K, reserved 7744K
}
Event: 30.361 GC heap before
{Heap before GC invocations=7 (full 0):
 def new generation   total 4928K, used 4625K [0x05200000, 0x05750000, 0x0a750000)
  eden space 4416K, 100% used [0x05200000, 0x05650000, 0x05650000)
  from space 512K,  41% used [0x056d0000, 0x057047e8, 0x05750000)
  to   space 512K,   0% used [0x05650000, 0x05650000, 0x056d0000)
 tenured generation   total 10944K, used 10543K [0x0a750000, 0x0b200000, 0x15200000)
   the space 10944K,  96% used [0x0a750000, 0x0b19be18, 0x0b19c000, 0x0b200000)
 Metaspace       used 2376K, capacity 2501K, committed 2624K, reserved 7744K
Event: 30.363 GC heap after
Heap after GC invocations=8 (full 0):
 def new generation   total 4928K, used 488K [0x05200000, 0x05750000, 0x0a750000)
  eden space 4416K,   0% used [0x05200000, 0x05200000, 0x05650000)
  from space 512K,  95% used [0x05650000, 0x056ca3a8, 0x056d0000)
  to   space 512K,   0% used [0x056d0000, 0x056d0000, 0x05750000)
 tenured generation   total 10944K, used 10543K [0x0a750000, 0x0b200000, 0x15200000)
   the space 10944K,  96% used [0x0a750000, 0x0b19be18, 0x0b19c000, 0x0b200000)
 Metaspace       used 2376K, capacity 2501K, committed 2624K, reserved 7744K
}

