# JRE version: Java(TM) SE Runtime Environment (8.0_311-b11) (build 1.8.0_311-b11)
# Java VM: Java HotSpot(TM) Client VM (25.311-b11 mixed mode windows-x86 )
Heap:
 def new generation   total 4928K, used 512K [0x04a00000, 0x04f50000, 0x09f50000)
  eden space 4416K,   0% used [0x04a00000, 0x04a00000, 0x04e50000)
  from space 512K, 100% used [0x04e50000, 0x04ed0000, 0x04ed0000)
  to   space 512K,   0% used [0x04ed0000, 0x04ed0000, 0x04f50000)
 tenured generation   total 11456K, used 11438K [0x09f50000, 0x0aa80000, 0x14a00000)
   the space 11456K,  99% used [0x09f50000, 0x0aa7b8f8, 0x0aa7ba00, 0x0aa80000)
 Metaspace       used 2356K, capacity 2503K, committed 2624K, reserved 4480K
GC Heap History (10 events):
Event: 8.349 GC heap after
Heap after GC invocations=3 (full 0):
 def new generation   total 4928K, used 512K [0x04a00000, 0x04f50000, 0x09f50000)
  eden space 4416K,   0% used [0x04a00000, 0x04a00000, 0x04e50000)
  from space 512K, 100% used [0x04ed0000, 0x04f50000, 0x04f50000)
  to   space 512K,   0% used [0x04e50000, 0x04e50000, 0x04ed0000)
 tenured generation   total 10944K, used 9721K [0x09f50000, 0x0aa00000, 0x14a00000)
   the space 10944K,  88% used [0x09f50000, 0x0a8ce578, 0x0a8ce600, 0x0aa00000)
 Metaspace       used 2356K, capacity 2503K, committed 2624K, reserved 4480K
}
Event: 8.387 GC heap before
{Heap before GC invocations=3 (full 0):
 def new generation   total 4928K, used 4928K [0x04a00000, 0x04f50000, 0x09f50000)
  eden space 4416K, 100% used [0x04a00000, 0x04e50000, 0x04e50000)
  from space 512K, 100% used [0x04ed0000, 0x04f50000, 0x04f50000)
  to   space 512K,   0% used [0x04e50000, 0x04e50000, 0x04ed0000)
 tenured generation   total 10944K, used 9721K [0x09f50000, 0x0aa00000, 0x14a00000)
   the space 10944K,  88% used [0x09f50000, 0x0a8ce578, 0x0a8ce600, 0x0aa00000)
 Metaspace       used 2356K, capacity 2503K, committed 2624K, reserved 4480K
Event: 8.414 GC heap after
Heap after GC invocations=4 (full 0):
 def new generation   total 4928K, used 214K [0x04a00000, 0x04f50000, 0x09f50000)
  eden space 4416K,   0% used [0x04a00000, 0x04a00000, 0x04e50000)
  from space 512K,  41% used [0x04e50000, 0x04e85990, 0x04ed0000)
  to   space 512K,   0% used [0x04ed0000, 0x04ed0000, 0x04f50000)
 tenured generation   total 10944K, used 10233K [0x09f50000, 0x0aa00000, 0x14a00000)
   the space 10944K,  93% used [0x09f50000, 0x0a94e578, 0x0a94e600, 0x0aa00000)
 Metaspace       used 2356K, capacity 2503K, committed 2624K, reserved 4480K
}
Event: 8.417 GC heap before
{Heap before GC invocations=4 (full 0):
 def new generation   total 4928K, used 4630K [0x04a00000, 0x04f50000, 0x09f50000)
  eden space 4416K, 100% used [0x04a00000, 0x04e50000, 0x04e50000)
  from space 512K,  41% used [0x04e50000, 0x04e85990, 0x04ed0000)
  to   space 512K,   0% used [0x04ed0000, 0x04ed0000, 0x04f50000)
 tenured generation   total 10944K, used 10233K [0x09f50000, 0x0aa00000, 0x14a00000)
   the space 10944K,  93% used [0x09f50000, 0x0a94e578, 0x0a94e600, 0x0aa00000)
 Metaspace       used 2356K, capacity 2503K, committed 2624K, reserved 4480K
Event: 8.418 GC heap after
Heap after GC invocations=5 (full 0):
 def new generation   total 4928K, used 268K [0x04a00000, 0x04f50000, 0x09f50000)
  eden space 4416K,   0% used [0x04a00000, 0x04a00000, 0x04e50000)
  from space 512K,  52% used [0x04ed0000, 0x04f13200, 0x04f50000)
  to   space 512K,   0% used [0x04e50000, 0x04e50000, 0x04ed0000)
 tenured generation   total 10944K, used 10233K [0x09f50000, 0x0aa00000, 0x14a00000)
   the space 10944K,  93% used [0x09f50000, 0x0a94e578, 0x0a94e600, 0x0aa00000)
 Metaspace       used 2356K, capacity 2503K, committed 2624K, reserved 4480K
}
Event: 8.491 GC heap before
{Heap before GC invocations=5 (full 0):
 def new generation   total 4928K, used 4684K [0x04a00000, 0x04f50000, 0x09f50000)
  eden space 4416K, 100% used [0x04a00000, 0x04e50000, 0x04e50000)
  from space 512K,  52% used [0x04ed0000, 0x04f13200, 0x04f50000)
  to   space 512K,   0% used [0x04e50000, 0x04e50000, 0x04ed0000)
 tenured generation   total 10944K, used 10233K [0x09f50000, 0x0aa00000, 0x14a00000)
   the space 10944K,  93% used [0x09f50000, 0x0a94e578, 0x0a94e600, 0x0aa00000)
 Metaspace       used 2356K, capacity 2503K, committed 2624K, reserved 4480K
Event: 8.493 GC heap after
Heap after GC invocations=6 (full 0):
 def new generation   total 4928K, used 194K [0x04a00000, 0x04f50000, 0x09f50000)
  eden space 4416K,   0% used [0x04a00000, 0x04a00000, 0x04e50000)
  from space 512K,  38% used [0x04e50000, 0x04e80aa8, 0x04ed0000)
  to   space 512K,   0% used [0x04ed0000, 0x04ed0000, 0x04f50000)
 tenured generation   total 10944K, used 10447K [0x09f50000, 0x0aa00000, 0x14a00000)
   the space 10944K,  95% used [0x09f50000, 0x0a983f08, 0x0a984000, 0x0aa00000)
 Metaspace       used 2356K, capacity 2503K, committed 2624K, reserved 4480K
}
Event: 8.496 GC heap before
{Heap before GC invocations=6 (full 0):
 def new generation   total 4928K, used 4610K [0x04a00000, 0x04f50000, 0x09f50000)
  eden space 4416K, 100% used [0x04a00000, 0x04e50000, 0x04e50000)
  from space 512K,  38% used [0x04e50000, 0x04e80aa8, 0x04ed0000)
  to   space 512K,   0% used [0x04ed0000, 0x04ed0000, 0x04f50000)
 tenured generation   total 10944K, used 10447K [0x09f50000, 0x0aa00000, 0x14a00000)
   the space 10944K,  95% used [0x09f50000, 0x0a983f08, 0x0a984000, 0x0aa00000)
 Metaspace       used 2356K, capacity 2503K, committed 2624K, reserved 4480K
Event: 8.497 GC heap after
Heap after GC invocations=7 (full 0):
 def new generation   total 4928K, used 478K [0x04a00000, 0x04f50000, 0x09f50000)
  eden space 4416K,   0% used [0x04a00000, 0x04a00000, 0x04e50000)
  from space 512K,  93% used [0x04ed0000, 0x04f47ba8, 0x04f50000)
  to   space 512K,   0% used [0x04e50000, 0x04e50000, 0x04ed0000)
 tenured generation   total 10944K, used 10447K [0x09f50000, 0x0aa00000, 0x14a00000)
   the space 10944K,  95% used [0x09f50000, 0x0a983f08, 0x0a984000, 0x0aa00000)
 Metaspace       used 2356K, capacity 2503K, committed 2624K, reserved 4480K
}
Event: 8.862 GC heap before
{Heap before GC invocations=7 (full 0):
 def new generation   total 4928K, used 4894K [0x04a00000, 0x04f50000, 0x09f50000)
  eden space 4416K, 100% used [0x04a00000, 0x04e50000, 0x04e50000)
  from space 512K,  93% used [0x04ed0000, 0x04f47ba8, 0x04f50000)
  to   space 512K,   0% used [0x04e50000, 0x04e50000, 0x04ed0000)
 tenured generation   total 10944K, used 10447K [0x09f50000, 0x0aa00000, 0x14a00000)
   the space 10944K,  95% used [0x09f50000, 0x0a983f08, 0x0a984000, 0x0aa00000)
 Metaspace       used 2356K, capacity 2503K, committed 2624K, reserved 4480K

