# JRE version: Java(TM) SE Runtime Environment (8.0_311-b11) (build 1.8.0_311-b11)
# Java VM: Java HotSpot(TM) Client VM (25.311-b11 mixed mode windows-x86 )
Heap:
 def new generation   total 4928K, used 177K [0x04600000, 0x04b50000, 0x09b50000)
  eden space 4416K,   4% used [0x04600000, 0x0462c468, 0x04a50000)
  from space 512K,   0% used [0x04a50000, 0x04a50000, 0x04ad0000)
  to   space 512K,   0% used [0x04ad0000, 0x04ad0000, 0x04b50000)
 tenured generation   total 10944K, used 272K [0x09b50000, 0x0a600000, 0x14600000)
   the space 10944K,   2% used [0x09b50000, 0x09b940f0, 0x09b94200, 0x0a600000)
 Metaspace       used 1757K, capacity 2240K, committed 2240K, reserved 6528K
GC Heap History (4 events):
Event: 7.868 GC heap before
{Heap before GC invocations=0 (full 0):
 def new generation   total 4928K, used 530K [0x04600000, 0x04b50000, 0x09b50000)
  eden space 4416K,  12% used [0x04600000, 0x046849f8, 0x04a50000)
  from space 512K,   0% used [0x04a50000, 0x04a50000, 0x04ad0000)
  to   space 512K,   0% used [0x04ad0000, 0x04ad0000, 0x04b50000)
 tenured generation   total 10944K, used 0K [0x09b50000, 0x0a600000, 0x14600000)
   the space 10944K,   0% used [0x09b50000, 0x09b50000, 0x09b50200, 0x0a600000)
 Metaspace       used 1736K, capacity 2240K, committed 2240K, reserved 7552K
Event: 7.872 GC heap after
Heap after GC invocations=1 (full 1):
 def new generation   total 4928K, used 0K [0x04600000, 0x04b50000, 0x09b50000)
  eden space 4416K,   0% used [0x04600000, 0x04600000, 0x04a50000)
  from space 512K,   0% used [0x04a50000, 0x04a50000, 0x04ad0000)
  to   space 512K,   0% used [0x04ad0000, 0x04ad0000, 0x04b50000)
 tenured generation   total 10944K, used 272K [0x09b50000, 0x0a600000, 0x14600000)
   the space 10944K,   2% used [0x09b50000, 0x09b940f0, 0x09b94200, 0x0a600000)
 Metaspace       used 1736K, capacity 2240K, committed 2240K, reserved 5504K
}
Event: 7.872 GC heap before
{Heap before GC invocations=1 (full 1):
 def new generation   total 4928K, used 0K [0x04600000, 0x04b50000, 0x09b50000)
  eden space 4416K,   0% used [0x04600000, 0x04600000, 0x04a50000)
  from space 512K,   0% used [0x04a50000, 0x04a50000, 0x04ad0000)
  to   space 512K,   0% used [0x04ad0000, 0x04ad0000, 0x04b50000)
 tenured generation   total 10944K, used 272K [0x09b50000, 0x0a600000, 0x14600000)
   the space 10944K,   2% used [0x09b50000, 0x09b940f0, 0x09b94200, 0x0a600000)
 Metaspace       used 1736K, capacity 2240K, committed 2240K, reserved 7552K
Event: 7.875 GC heap after
Heap after GC invocations=2 (full 2):
 def new generation   total 4928K, used 0K [0x04600000, 0x04b50000, 0x09b50000)
  eden space 4416K,   0% used [0x04600000, 0x04600000, 0x04a50000)
  from space 512K,   0% used [0x04a50000, 0x04a50000, 0x04ad0000)
  to   space 512K,   0% used [0x04ad0000, 0x04ad0000, 0x04b50000)
 tenured generation   total 10944K, used 272K [0x09b50000, 0x0a600000, 0x14600000)
   the space 10944K,   2% used [0x09b50000, 0x09b940f0, 0x09b94200, 0x0a600000)
 Metaspace       used 1736K, capacity 2240K, committed 2240K, reserved 5504K
}

