# JRE version: Java(TM) SE Runtime Environment (8.0_311-b11) (build 1.8.0_311-b11)
# Java VM: Java HotSpot(TM) Client VM (25.311-b11 mixed mode windows-x86 )
Heap:
 def new generation   total 4928K, used 4695K [0x04600000, 0x04b50000, 0x09b50000)
  eden space 4416K, 100% used [0x04600000, 0x04a50000, 0x04a50000)
  from space 512K,  54% used [0x04a50000, 0x04a95e68, 0x04ad0000)
  to   space 512K,   0% used [0x04ad0000, 0x04ad0000, 0x04b50000)
 tenured generation   total 10944K, used 10309K [0x09b50000, 0x0a600000, 0x14600000)
   the space 10944K,  94% used [0x09b50000, 0x0a561768, 0x0a561800, 0x0a600000)
 Metaspace       used 2372K, capacity 2503K, committed 2624K, reserved 4480K
GC Heap History (10 events):
Event: 4.098 GC heap before
{Heap before GC invocations=3 (full 0):
 def new generation   total 4928K, used 4928K [0x04600000, 0x04b50000, 0x09b50000)
  eden space 4416K, 100% used [0x04600000, 0x04a50000, 0x04a50000)
  from space 512K, 100% used [0x04ad0000, 0x04b50000, 0x04b50000)
  to   space 512K,   0% used [0x04a50000, 0x04a50000, 0x04ad0000)
 tenured generation   total 10944K, used 9698K [0x09b50000, 0x0a600000, 0x14600000)
   the space 10944K,  88% used [0x09b50000, 0x0a4c8b88, 0x0a4c8c00, 0x0a600000)
 Metaspace       used 2316K, capacity 2439K, committed 2496K, reserved 4480K
Event: 4.100 GC heap after
Heap after GC invocations=4 (full 0):
 def new generation   total 4928K, used 99K [0x04600000, 0x04b50000, 0x09b50000)
  eden space 4416K,   0% used [0x04600000, 0x04600000, 0x04a50000)
  from space 512K,  19% used [0x04a50000, 0x04a68ff0, 0x04ad0000)
  to   space 512K,   0% used [0x04ad0000, 0x04ad0000, 0x04b50000)
 tenured generation   total 10944K, used 10209K [0x09b50000, 0x0a600000, 0x14600000)
   the space 10944K,  93% used [0x09b50000, 0x0a548778, 0x0a548800, 0x0a600000)
 Metaspace       used 2316K, capacity 2439K, committed 2496K, reserved 4480K
}
Event: 4.102 GC heap before
{Heap before GC invocations=4 (full 0):
 def new generation   total 4928K, used 4515K [0x04600000, 0x04b50000, 0x09b50000)
  eden space 4416K, 100% used [0x04600000, 0x04a50000, 0x04a50000)
  from space 512K,  19% used [0x04a50000, 0x04a68ff0, 0x04ad0000)
  to   space 512K,   0% used [0x04ad0000, 0x04ad0000, 0x04b50000)
 tenured generation   total 10944K, used 10209K [0x09b50000, 0x0a600000, 0x14600000)
   the space 10944K,  93% used [0x09b50000, 0x0a548778, 0x0a548800, 0x0a600000)
 Metaspace       used 2316K, capacity 2439K, committed 2496K, reserved 4480K
Event: 4.102 GC heap after
Heap after GC invocations=5 (full 0):
 def new generation   total 4928K, used 148K [0x04600000, 0x04b50000, 0x09b50000)
  eden space 4416K,   0% used [0x04600000, 0x04600000, 0x04a50000)
  from space 512K,  29% used [0x04ad0000, 0x04af5380, 0x04b50000)
  to   space 512K,   0% used [0x04a50000, 0x04a50000, 0x04ad0000)
 tenured generation   total 10944K, used 10209K [0x09b50000, 0x0a600000, 0x14600000)
   the space 10944K,  93% used [0x09b50000, 0x0a548778, 0x0a548800, 0x0a600000)
 Metaspace       used 2316K, capacity 2439K, committed 2496K, reserved 4480K
}
Event: 4.103 GC heap before
{Heap before GC invocations=5 (full 0):
 def new generation   total 4928K, used 4564K [0x04600000, 0x04b50000, 0x09b50000)
  eden space 4416K, 100% used [0x04600000, 0x04a50000, 0x04a50000)
  from space 512K,  29% used [0x04ad0000, 0x04af5380, 0x04b50000)
  to   space 512K,   0% used [0x04a50000, 0x04a50000, 0x04ad0000)
 tenured generation   total 10944K, used 10209K [0x09b50000, 0x0a600000, 0x14600000)
   the space 10944K,  93% used [0x09b50000, 0x0a548778, 0x0a548800, 0x0a600000)
 Metaspace       used 2316K, capacity 2439K, committed 2496K, reserved 4480K
Event: 4.104 GC heap after
Heap after GC invocations=6 (full 0):
 def new generation   total 4928K, used 196K [0x04600000, 0x04b50000, 0x09b50000)
  eden space 4416K,   0% used [0x04600000, 0x04600000, 0x04a50000)
  from space 512K,  38% used [0x04a50000, 0x04a81378, 0x04ad0000)
  to   space 512K,   0% used [0x04ad0000, 0x04ad0000, 0x04b50000)
 tenured generation   total 10944K, used 10209K [0x09b50000, 0x0a600000, 0x14600000)
   the space 10944K,  93% used [0x09b50000, 0x0a548778, 0x0a548800, 0x0a600000)
 Metaspace       used 2316K, capacity 2439K, committed 2496K, reserved 4480K
}
Event: 4.105 GC heap before
{Heap before GC invocations=6 (full 0):
 def new generation   total 4928K, used 4612K [0x04600000, 0x04b50000, 0x09b50000)
  eden space 4416K, 100% used [0x04600000, 0x04a50000, 0x04a50000)
  from space 512K,  38% used [0x04a50000, 0x04a81378, 0x04ad0000)
  to   space 512K,   0% used [0x04ad0000, 0x04ad0000, 0x04b50000)
 tenured generation   total 10944K, used 10209K [0x09b50000, 0x0a600000, 0x14600000)
   the space 10944K,  93% used [0x09b50000, 0x0a548778, 0x0a548800, 0x0a600000)
 Metaspace       used 2321K, capacity 2471K, committed 2496K, reserved 4480K
Event: 4.106 GC heap after
Heap after GC invocations=7 (full 0):
 def new generation   total 4928K, used 258K [0x04600000, 0x04b50000, 0x09b50000)
  eden space 4416K,   0% used [0x04600000, 0x04600000, 0x04a50000)
  from space 512K,  50% used [0x04ad0000, 0x04b10be0, 0x04b50000)
  to   space 512K,   0% used [0x04a50000, 0x04a50000, 0x04ad0000)
 tenured generation   total 10944K, used 10209K [0x09b50000, 0x0a600000, 0x14600000)
   the space 10944K,  93% used [0x09b50000, 0x0a548778, 0x0a548800, 0x0a600000)
 Metaspace       used 2321K, capacity 2471K, committed 2496K, reserved 4480K
}
Event: 4.162 GC heap before
{Heap before GC invocations=7 (full 0):
 def new generation   total 4928K, used 4674K [0x04600000, 0x04b50000, 0x09b50000)
  eden space 4416K,  99% used [0x04600000, 0x04a4ffc0, 0x04a50000)
  from space 512K,  50% used [0x04ad0000, 0x04b10be0, 0x04b50000)
  to   space 512K,   0% used [0x04a50000, 0x04a50000, 0x04ad0000)
 tenured generation   total 10944K, used 10209K [0x09b50000, 0x0a600000, 0x14600000)
   the space 10944K,  93% used [0x09b50000, 0x0a548778, 0x0a548800, 0x0a600000)
 Metaspace       used 2321K, capacity 2471K, committed 2496K, reserved 4480K
Event: 4.180 GC heap after
Heap after GC invocations=8 (full 0):
 def new generation   total 4928K, used 279K [0x04600000, 0x04b50000, 0x09b50000)
  eden space 4416K,   0% used [0x04600000, 0x04600000, 0x04a50000)
  from space 512K,  54% used [0x04a50000, 0x04a95e68, 0x04ad0000)
  to   space 512K,   0% used [0x04ad0000, 0x04ad0000, 0x04b50000)
 tenured generation   total 10944K, used 10309K [0x09b50000, 0x0a600000, 0x14600000)
   the space 10944K,  94% used [0x09b50000, 0x0a561768, 0x0a561800, 0x0a600000)
 Metaspace       used 2321K, capacity 2471K, committed 2496K, reserved 4480K
}

