# JRE version: Java(TM) SE Runtime Environment (8.0_311-b11) (build 1.8.0_311-b11)
# Java VM: Java HotSpot(TM) Client VM (25.311-b11 mixed mode windows-x86 )
Heap:
 def new generation   total 4928K, used 288K [0x05200000, 0x05750000, 0x0a750000)
  eden space 4416K,   0% used [0x05200000, 0x05200000, 0x05650000)
  from space 512K,  56% used [0x056d0000, 0x057180a0, 0x05750000)
  to   space 512K,   0% used [0x05650000, 0x05650000, 0x056d0000)
 tenured generation   total 11028K, used 11025K [0x0a750000, 0x0b215000, 0x15200000)
   the space 11028K,  99% used [0x0a750000, 0x0b214698, 0x0b214800, 0x0b215000)
 Metaspace       used 2359K, capacity 2503K, committed 2624K, reserved 4480K
GC Heap History (10 events):
Event: 4.516 GC heap after
Heap after GC invocations=6 (full 0):
 def new generation   total 4928K, used 316K [0x05200000, 0x05750000, 0x0a750000)
  eden space 4416K,   0% used [0x05200000, 0x05200000, 0x05650000)
  from space 512K,  61% used [0x05650000, 0x0569f0c0, 0x056d0000)
  to   space 512K,   0% used [0x056d0000, 0x056d0000, 0x05750000)
 tenured generation   total 10944K, used 10234K [0x0a750000, 0x0b200000, 0x15200000)
   the space 10944K,  93% used [0x0a750000, 0x0b14e978, 0x0b14ea00, 0x0b200000)
 Metaspace       used 2356K, capacity 2503K, committed 2624K, reserved 4480K
}
Event: 5.153 GC heap before
{Heap before GC invocations=6 (full 0):
 def new generation   total 4928K, used 4732K [0x05200000, 0x05750000, 0x0a750000)
  eden space 4416K, 100% used [0x05200000, 0x05650000, 0x05650000)
  from space 512K,  61% used [0x05650000, 0x0569f0c0, 0x056d0000)
  to   space 512K,   0% used [0x056d0000, 0x056d0000, 0x05750000)
 tenured generation   total 10944K, used 10234K [0x0a750000, 0x0b200000, 0x15200000)
   the space 10944K,  93% used [0x0a750000, 0x0b14e978, 0x0b14ea00, 0x0b200000)
 Metaspace       used 2356K, capacity 2503K, committed 2624K, reserved 4480K
Event: 5.179 GC heap after
Heap after GC invocations=7 (full 0):
 def new generation   total 4928K, used 376K [0x05200000, 0x05750000, 0x0a750000)
  eden space 4416K,   0% used [0x05200000, 0x05200000, 0x05650000)
  from space 512K,  73% used [0x056d0000, 0x0572e310, 0x05750000)
  to   space 512K,   0% used [0x05650000, 0x05650000, 0x056d0000)
 tenured generation   total 10944K, used 10366K [0x0a750000, 0x0b200000, 0x15200000)
   the space 10944K,  94% used [0x0a750000, 0x0b16f850, 0x0b16fa00, 0x0b200000)
 Metaspace       used 2356K, capacity 2503K, committed 2624K, reserved 4480K
}
Event: 5.220 GC heap before
{Heap before GC invocations=7 (full 0):
 def new generation   total 4928K, used 4792K [0x05200000, 0x05750000, 0x0a750000)
  eden space 4416K, 100% used [0x05200000, 0x05650000, 0x05650000)
  from space 512K,  73% used [0x056d0000, 0x0572e310, 0x05750000)
  to   space 512K,   0% used [0x05650000, 0x05650000, 0x056d0000)
 tenured generation   total 10944K, used 10366K [0x0a750000, 0x0b200000, 0x15200000)
   the space 10944K,  94% used [0x0a750000, 0x0b16f850, 0x0b16fa00, 0x0b200000)
 Metaspace       used 2356K, capacity 2503K, committed 2624K, reserved 4480K
Event: 5.239 GC heap after
Heap after GC invocations=8 (full 0):
 def new generation   total 4928K, used 354K [0x05200000, 0x05750000, 0x0a750000)
  eden space 4416K,   0% used [0x05200000, 0x05200000, 0x05650000)
  from space 512K,  69% used [0x05650000, 0x056a8a78, 0x056d0000)
  to   space 512K,   0% used [0x056d0000, 0x056d0000, 0x05750000)
 tenured generation   total 10944K, used 10544K [0x0a750000, 0x0b200000, 0x15200000)
   the space 10944K,  96% used [0x0a750000, 0x0b19c1d0, 0x0b19c200, 0x0b200000)
 Metaspace       used 2356K, capacity 2503K, committed 2624K, reserved 4480K
}
Event: 5.297 GC heap before
{Heap before GC invocations=8 (full 0):
 def new generation   total 4928K, used 4770K [0x05200000, 0x05750000, 0x0a750000)
  eden space 4416K, 100% used [0x05200000, 0x05650000, 0x05650000)
  from space 512K,  69% used [0x05650000, 0x056a8a78, 0x056d0000)
  to   space 512K,   0% used [0x056d0000, 0x056d0000, 0x05750000)
 tenured generation   total 10944K, used 10544K [0x0a750000, 0x0b200000, 0x15200000)
   the space 10944K,  96% used [0x0a750000, 0x0b19c1d0, 0x0b19c200, 0x0b200000)
 Metaspace       used 2357K, capacity 2503K, committed 2624K, reserved 4480K
Event: 5.313 GC heap after
Heap after GC invocations=9 (full 0):
 def new generation   total 4928K, used 294K [0x05200000, 0x05750000, 0x0a750000)
  eden space 4416K,   0% used [0x05200000, 0x05200000, 0x05650000)
  from space 512K,  57% used [0x056d0000, 0x05719800, 0x05750000)
  to   space 512K,   0% used [0x05650000, 0x05650000, 0x056d0000)
 tenured generation   total 10944K, used 10732K [0x0a750000, 0x0b200000, 0x15200000)
   the space 10944K,  98% used [0x0a750000, 0x0b1cb370, 0x0b1cb400, 0x0b200000)
 Metaspace       used 2357K, capacity 2503K, committed 2624K, reserved 4480K
}
Event: 5.314 GC heap before
{Heap before GC invocations=9 (full 0):
 def new generation   total 4928K, used 4710K [0x05200000, 0x05750000, 0x0a750000)
  eden space 4416K, 100% used [0x05200000, 0x05650000, 0x05650000)
  from space 512K,  57% used [0x056d0000, 0x05719800, 0x05750000)
  to   space 512K,   0% used [0x05650000, 0x05650000, 0x056d0000)
 tenured generation   total 10944K, used 10732K [0x0a750000, 0x0b200000, 0x15200000)
   the space 10944K,  98% used [0x0a750000, 0x0b1cb370, 0x0b1cb400, 0x0b200000)
 Metaspace       used 2357K, capacity 2503K, committed 2624K, reserved 4480K
Event: 5.327 GC heap after
Heap after GC invocations=10 (full 0):
 def new generation   total 4928K, used 280K [0x05200000, 0x05750000, 0x0a750000)
  eden space 4416K,   0% used [0x05200000, 0x05200000, 0x05650000)
  from space 512K,  54% used [0x05650000, 0x05696078, 0x056d0000)
  to   space 512K,   0% used [0x056d0000, 0x056d0000, 0x05750000)
 tenured generation   total 10944K, used 10895K [0x0a750000, 0x0b200000, 0x15200000)
   the space 10944K,  99% used [0x0a750000, 0x0b1f3ef8, 0x0b1f4000, 0x0b200000)
 Metaspace       used 2357K, capacity 2503K, committed 2624K, reserved 4480K
}
Event: 5.329 GC heap before
{Heap before GC invocations=10 (full 0):
 def new generation   total 4928K, used 4696K [0x05200000, 0x05750000, 0x0a750000)
  eden space 4416K, 100% used [0x05200000, 0x05650000, 0x05650000)
  from space 512K,  54% used [0x05650000, 0x05696078, 0x056d0000)
  to   space 512K,   0% used [0x056d0000, 0x056d0000, 0x05750000)
 tenured generation   total 10944K, used 10895K [0x0a750000, 0x0b200000, 0x15200000)
   the space 10944K,  99% used [0x0a750000, 0x0b1f3ef8, 0x0b1f4000, 0x0b200000)
 Metaspace       used 2359K, capacity 2503K, committed 2624K, reserved 4480K

