# JRE version: Java(TM) SE Runtime Environment (8.0_311-b11) (build 1.8.0_311-b11)
# Java VM: Java HotSpot(TM) Client VM (25.311-b11 mixed mode windows-x86 )
Heap:
 def new generation   total 4928K, used 2470K [0x04400000, 0x04950000, 0x09950000)
  eden space 4416K,  44% used [0x04400000, 0x045ede10, 0x04850000)
  from space 512K,  96% used [0x04850000, 0x048cba18, 0x048d0000)
  to   space 512K,   0% used [0x048d0000, 0x048d0000, 0x04950000)
 tenured generation   total 18456K, used 11071K [0x09950000, 0x0ab56000, 0x14400000)
   the space 18456K,  59% used [0x09950000, 0x0a41fd30, 0x0a41fe00, 0x0ab56000)
 Metaspace       used 2372K, capacity 2503K, committed 2624K, reserved 4480K
GC Heap History (10 events):
Event: 0.856 GC heap before
{Heap before GC invocations=5 (full 0):
 def new generation   total 4928K, used 4814K [0x04400000, 0x04950000, 0x09950000)
  eden space 4416K, 100% used [0x04400000, 0x04850000, 0x04850000)
  from space 512K,  77% used [0x048d0000, 0x04933968, 0x04950000)
  to   space 512K,   0% used [0x04850000, 0x04850000, 0x048d0000)
 tenured generation   total 10944K, used 10234K [0x09950000, 0x0a400000, 0x14400000)
   the space 10944K,  93% used [0x09950000, 0x0a34e970, 0x0a34ea00, 0x0a400000)
 Metaspace       used 2356K, capacity 2503K, committed 2624K, reserved 4480K
Event: 0.858 GC heap after
Heap after GC invocations=6 (full 0):
 def new generation   total 4928K, used 377K [0x04400000, 0x04950000, 0x09950000)
  eden space 4416K,   0% used [0x04400000, 0x04400000, 0x04850000)
  from space 512K,  73% used [0x04850000, 0x048ae658, 0x048d0000)
  to   space 512K,   0% used [0x048d0000, 0x048d0000, 0x04950000)
 tenured generation   total 10944K, used 10462K [0x09950000, 0x0a400000, 0x14400000)
   the space 10944K,  95% used [0x09950000, 0x0a3878c8, 0x0a387a00, 0x0a400000)
 Metaspace       used 2356K, capacity 2503K, committed 2624K, reserved 4480K
}
Event: 0.859 GC heap before
{Heap before GC invocations=6 (full 0):
 def new generation   total 4928K, used 4793K [0x04400000, 0x04950000, 0x09950000)
  eden space 4416K, 100% used [0x04400000, 0x04850000, 0x04850000)
  from space 512K,  73% used [0x04850000, 0x048ae658, 0x048d0000)
  to   space 512K,   0% used [0x048d0000, 0x048d0000, 0x04950000)
 tenured generation   total 10944K, used 10462K [0x09950000, 0x0a400000, 0x14400000)
   the space 10944K,  95% used [0x09950000, 0x0a3878c8, 0x0a387a00, 0x0a400000)
 Metaspace       used 2356K, capacity 2503K, committed 2624K, reserved 4480K
Event: 0.861 GC heap after
Heap after GC invocations=7 (full 0):
 def new generation   total 4928K, used 360K [0x04400000, 0x04950000, 0x09950000)
  eden space 4416K,   0% used [0x04400000, 0x04400000, 0x04850000)
  from space 512K,  70% used [0x048d0000, 0x0492a3a0, 0x04950000)
  to   space 512K,   0% used [0x04850000, 0x04850000, 0x048d0000)
 tenured generation   total 10944K, used 10632K [0x09950000, 0x0a400000, 0x14400000)
   the space 10944K,  97% used [0x09950000, 0x0a3b22d8, 0x0a3b2400, 0x0a400000)
 Metaspace       used 2356K, capacity 2503K, committed 2624K, reserved 4480K
}
Event: 0.862 GC heap before
{Heap before GC invocations=7 (full 0):
 def new generation   total 4928K, used 4776K [0x04400000, 0x04950000, 0x09950000)
  eden space 4416K,  99% used [0x04400000, 0x0484fea0, 0x04850000)
  from space 512K,  70% used [0x048d0000, 0x0492a3a0, 0x04950000)
  to   space 512K,   0% used [0x04850000, 0x04850000, 0x048d0000)
 tenured generation   total 10944K, used 10632K [0x09950000, 0x0a400000, 0x14400000)
   the space 10944K,  97% used [0x09950000, 0x0a3b22d8, 0x0a3b2400, 0x0a400000)
 Metaspace       used 2356K, capacity 2503K, committed 2624K, reserved 4480K
Event: 0.865 GC heap after
Heap after GC invocations=8 (full 0):
 def new generation   total 4928K, used 297K [0x04400000, 0x04950000, 0x09950000)
  eden space 4416K,   0% used [0x04400000, 0x04400000, 0x04850000)
  from space 512K,  58% used [0x04850000, 0x0489a730, 0x048d0000)
  to   space 512K,   0% used [0x048d0000, 0x048d0000, 0x04950000)
 tenured generation   total 10944K, used 10838K [0x09950000, 0x0a400000, 0x14400000)
   the space 10944K,  99% used [0x09950000, 0x0a3e5ba0, 0x0a3e5c00, 0x0a400000)
 Metaspace       used 2356K, capacity 2503K, committed 2624K, reserved 4480K
}
Event: 0.866 GC heap before
{Heap before GC invocations=8 (full 0):
 def new generation   total 4928K, used 4713K [0x04400000, 0x04950000, 0x09950000)
  eden space 4416K,  99% used [0x04400000, 0x0484fea0, 0x04850000)
  from space 512K,  58% used [0x04850000, 0x0489a730, 0x048d0000)
  to   space 512K,   0% used [0x048d0000, 0x048d0000, 0x04950000)
 tenured generation   total 10944K, used 10838K [0x09950000, 0x0a400000, 0x14400000)
   the space 10944K,  99% used [0x09950000, 0x0a3e5ba0, 0x0a3e5c00, 0x0a400000)
 Metaspace       used 2356K, capacity 2503K, committed 2624K, reserved 4480K
Event: 0.890 GC heap after
Heap after GC invocations=9 (full 1):
 def new generation   total 4928K, used 208K [0x04400000, 0x04950000, 0x09950000)
  eden space 4416K,   4% used [0x04400000, 0x044343d8, 0x04850000)
  from space 512K,   0% used [0x048d0000, 0x048d0000, 0x04950000)
  to   space 512K,   0% used [0x04850000, 0x04850000, 0x048d0000)
 tenured generation   total 18456K, used 11071K [0x09950000, 0x0ab56000, 0x14400000)
   the space 18456K,  59% used [0x09950000, 0x0a41fd30, 0x0a41fe00, 0x0ab56000)
 Metaspace       used 2356K, capacity 2503K, committed 2624K, reserved 4480K
}
Event: 0.893 GC heap before
{Heap before GC invocations=9 (full 1):
 def new generation   total 4928K, used 4416K [0x04400000, 0x04950000, 0x09950000)
  eden space 4416K, 100% used [0x04400000, 0x04850000, 0x04850000)
  from space 512K,   0% used [0x048d0000, 0x048d0000, 0x04950000)
  to   space 512K,   0% used [0x04850000, 0x04850000, 0x048d0000)
 tenured generation   total 18456K, used 11071K [0x09950000, 0x0ab56000, 0x14400000)
   the space 18456K,  59% used [0x09950000, 0x0a41fd30, 0x0a41fe00, 0x0ab56000)
 Metaspace       used 2356K, capacity 2503K, committed 2624K, reserved 4480K
Event: 0.899 GC heap after
Heap after GC invocations=10 (full 1):
 def new generation   total 4928K, used 494K [0x04400000, 0x04950000, 0x09950000)
  eden space 4416K,   0% used [0x04400000, 0x04400000, 0x04850000)
  from space 512K,  96% used [0x04850000, 0x048cba18, 0x048d0000)
  to   space 512K,   0% used [0x048d0000, 0x048d0000, 0x04950000)
 tenured generation   total 18456K, used 11071K [0x09950000, 0x0ab56000, 0x14400000)
   the space 18456K,  59% used [0x09950000, 0x0a41fd30, 0x0a41fe00, 0x0ab56000)
 Metaspace       used 2356K, capacity 2503K, committed 2624K, reserved 4480K
}

