# JRE version: Java(TM) SE Runtime Environment (8.0_311-b11) (build 1.8.0_311-b11)
# Java VM: Java HotSpot(TM) Client VM (25.311-b11 mixed mode windows-x86 )
Heap:
 def new generation   total 4928K, used 292K [0x04600000, 0x04b50000, 0x09b50000)
  eden space 4416K,   0% used [0x04600000, 0x04600000, 0x04a50000)
  from space 512K,  57% used [0x04ad0000, 0x04b190f8, 0x04b50000)
  to   space 512K,   0% used [0x04a50000, 0x04a50000, 0x04ad0000)
 tenured generation   total 11076K, used 11075K [0x09b50000, 0x0a621000, 0x14600000)
   the space 11076K,  99% used [0x09b50000, 0x0a620ff0, 0x0a621000, 0x0a621000)
 Metaspace       used 2368K, capacity 2503K, committed 2624K, reserved 4480K
GC Heap History (10 events):
Event: 10.414 GC heap after
Heap after GC invocations=6 (full 0):
 def new generation   total 4928K, used 300K [0x04600000, 0x04b50000, 0x09b50000)
  eden space 4416K,   0% used [0x04600000, 0x04600000, 0x04a50000)
  from space 512K,  58% used [0x04a50000, 0x04a9b078, 0x04ad0000)
  to   space 512K,   0% used [0x04ad0000, 0x04ad0000, 0x04b50000)
 tenured generation   total 10944K, used 10372K [0x09b50000, 0x0a600000, 0x14600000)
   the space 10944K,  94% used [0x09b50000, 0x0a571260, 0x0a571400, 0x0a600000)
 Metaspace       used 2356K, capacity 2503K, committed 2624K, reserved 4480K
}
Event: 10.416 GC heap before
{Heap before GC invocations=6 (full 0):
 def new generation   total 4928K, used 4716K [0x04600000, 0x04b50000, 0x09b50000)
  eden space 4416K, 100% used [0x04600000, 0x04a50000, 0x04a50000)
  from space 512K,  58% used [0x04a50000, 0x04a9b078, 0x04ad0000)
  to   space 512K,   0% used [0x04ad0000, 0x04ad0000, 0x04b50000)
 tenured generation   total 10944K, used 10372K [0x09b50000, 0x0a600000, 0x14600000)
   the space 10944K,  94% used [0x09b50000, 0x0a571260, 0x0a571400, 0x0a600000)
 Metaspace       used 2356K, capacity 2503K, committed 2624K, reserved 4480K
Event: 10.419 GC heap after
Heap after GC invocations=7 (full 0):
 def new generation   total 4928K, used 283K [0x04600000, 0x04b50000, 0x09b50000)
  eden space 4416K,   0% used [0x04600000, 0x04600000, 0x04a50000)
  from space 512K,  55% used [0x04ad0000, 0x04b16ec0, 0x04b50000)
  to   space 512K,   0% used [0x04a50000, 0x04a50000, 0x04ad0000)
 tenured generation   total 10944K, used 10529K [0x09b50000, 0x0a600000, 0x14600000)
   the space 10944K,  96% used [0x09b50000, 0x0a598650, 0x0a598800, 0x0a600000)
 Metaspace       used 2356K, capacity 2503K, committed 2624K, reserved 4480K
}
Event: 10.422 GC heap before
{Heap before GC invocations=7 (full 0):
 def new generation   total 4928K, used 4699K [0x04600000, 0x04b50000, 0x09b50000)
  eden space 4416K, 100% used [0x04600000, 0x04a50000, 0x04a50000)
  from space 512K,  55% used [0x04ad0000, 0x04b16ec0, 0x04b50000)
  to   space 512K,   0% used [0x04a50000, 0x04a50000, 0x04ad0000)
 tenured generation   total 10944K, used 10529K [0x09b50000, 0x0a600000, 0x14600000)
   the space 10944K,  96% used [0x09b50000, 0x0a598650, 0x0a598800, 0x0a600000)
 Metaspace       used 2368K, capacity 2503K, committed 2624K, reserved 4480K
Event: 10.424 GC heap after
Heap after GC invocations=8 (full 0):
 def new generation   total 4928K, used 279K [0x04600000, 0x04b50000, 0x09b50000)
  eden space 4416K,   0% used [0x04600000, 0x04600000, 0x04a50000)
  from space 512K,  54% used [0x04a50000, 0x04a95d70, 0x04ad0000)
  to   space 512K,   0% used [0x04ad0000, 0x04ad0000, 0x04b50000)
 tenured generation   total 10944K, used 10672K [0x09b50000, 0x0a600000, 0x14600000)
   the space 10944K,  97% used [0x09b50000, 0x0a5bc2d8, 0x0a5bc400, 0x0a600000)
 Metaspace       used 2368K, capacity 2503K, committed 2624K, reserved 4480K
}
Event: 10.425 GC heap before
{Heap before GC invocations=8 (full 0):
 def new generation   total 4928K, used 4695K [0x04600000, 0x04b50000, 0x09b50000)
  eden space 4416K, 100% used [0x04600000, 0x04a50000, 0x04a50000)
  from space 512K,  54% used [0x04a50000, 0x04a95d70, 0x04ad0000)
  to   space 512K,   0% used [0x04ad0000, 0x04ad0000, 0x04b50000)
 tenured generation   total 10944K, used 10672K [0x09b50000, 0x0a600000, 0x14600000)
   the space 10944K,  97% used [0x09b50000, 0x0a5bc2d8, 0x0a5bc400, 0x0a600000)
 Metaspace       used 2368K, capacity 2503K, committed 2624K, reserved 4480K
Event: 10.426 GC heap after
Heap after GC invocations=9 (full 0):
 def new generation   total 4928K, used 279K [0x04600000, 0x04b50000, 0x09b50000)
  eden space 4416K,   0% used [0x04600000, 0x04600000, 0x04a50000)
  from space 512K,  54% used [0x04ad0000, 0x04b15da0, 0x04b50000)
  to   space 512K,   0% used [0x04a50000, 0x04a50000, 0x04ad0000)
 tenured generation   total 10944K, used 10813K [0x09b50000, 0x0a600000, 0x14600000)
   the space 10944K,  98% used [0x09b50000, 0x0a5df510, 0x0a5df600, 0x0a600000)
 Metaspace       used 2368K, capacity 2503K, committed 2624K, reserved 4480K
}
Event: 10.428 GC heap before
{Heap before GC invocations=9 (full 0):
 def new generation   total 4928K, used 4695K [0x04600000, 0x04b50000, 0x09b50000)
  eden space 4416K, 100% used [0x04600000, 0x04a50000, 0x04a50000)
  from space 512K,  54% used [0x04ad0000, 0x04b15da0, 0x04b50000)
  to   space 512K,   0% used [0x04a50000, 0x04a50000, 0x04ad0000)
 tenured generation   total 10944K, used 10813K [0x09b50000, 0x0a600000, 0x14600000)
   the space 10944K,  98% used [0x09b50000, 0x0a5df510, 0x0a5df600, 0x0a600000)
 Metaspace       used 2368K, capacity 2503K, committed 2624K, reserved 4480K
Event: 10.443 GC heap after
Heap after GC invocations=10 (full 1):
 def new generation   total 4928K, used 157K [0x04600000, 0x04b50000, 0x09b50000)
  eden space 4416K,   3% used [0x04600000, 0x04627528, 0x04a50000)
  from space 512K,   0% used [0x04a50000, 0x04a50000, 0x04ad0000)
  to   space 512K,   0% used [0x04ad0000, 0x04ad0000, 0x04b50000)
 tenured generation   total 11076K, used 11075K [0x09b50000, 0x0a621000, 0x14600000)
   the space 11076K,  99% used [0x09b50000, 0x0a620ff0, 0x0a621000, 0x0a621000)
 Metaspace       used 2368K, capacity 2503K, committed 2624K, reserved 4480K
}
Event: 10.444 GC heap before
{Heap before GC invocations=10 (full 1):
 def new generation   total 4928K, used 4416K [0x04600000, 0x04b50000, 0x09b50000)
  eden space 4416K, 100% used [0x04600000, 0x04a50000, 0x04a50000)
  from space 512K,   0% used [0x04a50000, 0x04a50000, 0x04ad0000)
  to   space 512K,   0% used [0x04ad0000, 0x04ad0000, 0x04b50000)
 tenured generation   total 11076K, used 11075K [0x09b50000, 0x0a621000, 0x14600000)
   the space 11076K,  99% used [0x09b50000, 0x0a620ff0, 0x0a621000, 0x0a621000)
 Metaspace       used 2368K, capacity 2503K, committed 2624K, reserved 4480K

