# JRE version: Java(TM) SE Runtime Environment (8.0_311-b11) (build 1.8.0_311-b11)
# Java VM: Java HotSpot(TM) Client VM (25.311-b11 mixed mode windows-x86 )
Heap:
 def new generation   total 5888K, used 655K [0x04400000, 0x04a60000, 0x09950000)
  eden space 5248K,  12% used [0x04400000, 0x044a3c00, 0x04920000)
  from space 640K,   0% used [0x04920000, 0x04920000, 0x049c0000)
  to   space 640K,   0% used [0x049c0000, 0x049c0000, 0x04a60000)
 tenured generation   total 10944K, used 2126K [0x09950000, 0x0a400000, 0x14400000)
   the space 10944K,  19% used [0x09950000, 0x09b63920, 0x09b63a00, 0x0a400000)
 Metaspace       used 2371K, capacity 2490K, committed 2624K, reserved 4480K
GC Heap History (10 events):
Event: 13.277 GC heap before
{Heap before GC invocations=3 (full 0):
 def new generation   total 4928K, used 4928K [0x04400000, 0x04950000, 0x09950000)
  eden space 4416K, 100% used [0x04400000, 0x04850000, 0x04850000)
  from space 512K, 100% used [0x048d0000, 0x04950000, 0x04950000)
  to   space 512K,   0% used [0x04850000, 0x04850000, 0x048d0000)
 tenured generation   total 10944K, used 9721K [0x09950000, 0x0a400000, 0x14400000)
   the space 10944K,  88% used [0x09950000, 0x0a2ce518, 0x0a2ce600, 0x0a400000)
 Metaspace       used 2356K, capacity 2503K, committed 2624K, reserved 4480K
Event: 13.293 GC heap after
Heap after GC invocations=4 (full 0):
 def new generation   total 4928K, used 126K [0x04400000, 0x04950000, 0x09950000)
  eden space 4416K,   0% used [0x04400000, 0x04400000, 0x04850000)
  from space 512K,  24% used [0x04850000, 0x0486f8b0, 0x048d0000)
  to   space 512K,   0% used [0x048d0000, 0x048d0000, 0x04950000)
 tenured generation   total 10944K, used 10233K [0x09950000, 0x0a400000, 0x14400000)
   the space 10944K,  93% used [0x09950000, 0x0a34e518, 0x0a34e600, 0x0a400000)
 Metaspace       used 2356K, capacity 2503K, committed 2624K, reserved 4480K
}
Event: 13.326 GC heap before
{Heap before GC invocations=4 (full 0):
 def new generation   total 4928K, used 4542K [0x04400000, 0x04950000, 0x09950000)
  eden space 4416K, 100% used [0x04400000, 0x04850000, 0x04850000)
  from space 512K,  24% used [0x04850000, 0x0486f8b0, 0x048d0000)
  to   space 512K,   0% used [0x048d0000, 0x048d0000, 0x04950000)
 tenured generation   total 10944K, used 10233K [0x09950000, 0x0a400000, 0x14400000)
   the space 10944K,  93% used [0x09950000, 0x0a34e518, 0x0a34e600, 0x0a400000)
 Metaspace       used 2356K, capacity 2503K, committed 2624K, reserved 4480K
Event: 13.327 GC heap after
Heap after GC invocations=5 (full 0):
 def new generation   total 4928K, used 254K [0x04400000, 0x04950000, 0x09950000)
  eden space 4416K,   0% used [0x04400000, 0x04400000, 0x04850000)
  from space 512K,  49% used [0x048d0000, 0x0490f980, 0x04950000)
  to   space 512K,   0% used [0x04850000, 0x04850000, 0x048d0000)
 tenured generation   total 10944K, used 10233K [0x09950000, 0x0a400000, 0x14400000)
   the space 10944K,  93% used [0x09950000, 0x0a34e518, 0x0a34e600, 0x0a400000)
 Metaspace       used 2356K, capacity 2503K, committed 2624K, reserved 4480K
}
Event: 13.328 GC heap before
{Heap before GC invocations=5 (full 0):
 def new generation   total 4928K, used 4670K [0x04400000, 0x04950000, 0x09950000)
  eden space 4416K, 100% used [0x04400000, 0x04850000, 0x04850000)
  from space 512K,  49% used [0x048d0000, 0x0490f980, 0x04950000)
  to   space 512K,   0% used [0x04850000, 0x04850000, 0x048d0000)
 tenured generation   total 10944K, used 10233K [0x09950000, 0x0a400000, 0x14400000)
   the space 10944K,  93% used [0x09950000, 0x0a34e518, 0x0a34e600, 0x0a400000)
 Metaspace       used 2356K, capacity 2503K, committed 2624K, reserved 4480K
Event: 13.328 GC heap after
Heap after GC invocations=6 (full 0):
 def new generation   total 4928K, used 391K [0x04400000, 0x04950000, 0x09950000)
  eden space 4416K,   0% used [0x04400000, 0x04400000, 0x04850000)
  from space 512K,  76% used [0x04850000, 0x048b1df0, 0x048d0000)
  to   space 512K,   0% used [0x048d0000, 0x048d0000, 0x04950000)
 tenured generation   total 10944K, used 10233K [0x09950000, 0x0a400000, 0x14400000)
   the space 10944K,  93% used [0x09950000, 0x0a34e518, 0x0a34e600, 0x0a400000)
 Metaspace       used 2356K, capacity 2503K, committed 2624K, reserved 4480K
}
Event: 13.832 GC heap before
{Heap before GC invocations=6 (full 0):
 def new generation   total 4928K, used 4807K [0x04400000, 0x04950000, 0x09950000)
  eden space 4416K, 100% used [0x04400000, 0x04850000, 0x04850000)
  from space 512K,  76% used [0x04850000, 0x048b1df0, 0x048d0000)
  to   space 512K,   0% used [0x048d0000, 0x048d0000, 0x04950000)
 tenured generation   total 10944K, used 10233K [0x09950000, 0x0a400000, 0x14400000)
   the space 10944K,  93% used [0x09950000, 0x0a34e518, 0x0a34e600, 0x0a400000)
 Metaspace       used 2356K, capacity 2503K, committed 2624K, reserved 4480K
Event: 13.864 GC heap after
Heap after GC invocations=7 (full 0):
 def new generation   total 4928K, used 295K [0x04400000, 0x04950000, 0x09950000)
  eden space 4416K,   0% used [0x04400000, 0x04400000, 0x04850000)
  from space 512K,  57% used [0x048d0000, 0x04919d90, 0x04950000)
  to   space 512K,   0% used [0x04850000, 0x04850000, 0x048d0000)
 tenured generation   total 10944K, used 10487K [0x09950000, 0x0a400000, 0x14400000)
   the space 10944K,  95% used [0x09950000, 0x0a38de98, 0x0a38e000, 0x0a400000)
 Metaspace       used 2356K, capacity 2503K, committed 2624K, reserved 4480K
}
Event: 129.374 GC heap before
{Heap before GC invocations=7 (full 0):
 def new generation   total 4928K, used 4700K [0x04400000, 0x04950000, 0x09950000)
  eden space 4416K,  99% used [0x04400000, 0x0484d3f0, 0x04850000)
  from space 512K,  57% used [0x048d0000, 0x04919d90, 0x04950000)
  to   space 512K,   0% used [0x04850000, 0x04850000, 0x048d0000)
 tenured generation   total 10944K, used 10487K [0x09950000, 0x0a400000, 0x14400000)
   the space 10944K,  95% used [0x09950000, 0x0a38de98, 0x0a38e000, 0x0a400000)
 Metaspace       used 2375K, capacity 2503K, committed 2624K, reserved 4480K
Event: 129.713 GC heap after
Heap after GC invocations=8 (full 1):
 def new generation   total 5888K, used 0K [0x04400000, 0x04a60000, 0x09950000)
  eden space 5248K,   0% used [0x04400000, 0x04400000, 0x04920000)
  from space 640K,   0% used [0x04920000, 0x04920000, 0x049c0000)
  to   space 640K,   0% used [0x049c0000, 0x049c0000, 0x04a60000)
 tenured generation   total 10944K, used 2126K [0x09950000, 0x0a400000, 0x14400000)
   the space 10944K,  19% used [0x09950000, 0x09b63920, 0x09b63a00, 0x0a400000)
 Metaspace       used 2371K, capacity 2490K, committed 2624K, reserved 4480K
}

