# JRE version: Java(TM) SE Runtime Environment (8.0_311-b11) (build 1.8.0_311-b11)
# Java VM: Java HotSpot(TM) Client VM (25.311-b11 mixed mode windows-x86 )
Heap:
 def new generation   total 4928K, used 2091K [0x04c00000, 0x05150000, 0x0a150000)
  eden space 4416K,  37% used [0x04c00000, 0x04d98c20, 0x05050000)
  from space 512K,  89% used [0x050d0000, 0x05142058, 0x05150000)
  to   space 512K,   0% used [0x05050000, 0x05050000, 0x050d0000)
 tenured generation   total 10944K, used 10793K [0x0a150000, 0x0ac00000, 0x14c00000)
   the space 10944K,  98% used [0x0a150000, 0x0abda610, 0x0abda800, 0x0ac00000)
 Metaspace       used 2372K, capacity 2503K, committed 2624K, reserved 4480K
GC Heap History (10 events):
Event: 3.785 GC heap before
{Heap before GC invocations=4 (full 0):
 def new generation   total 4928K, used 4556K [0x04c00000, 0x05150000, 0x0a150000)
  eden space 4416K, 100% used [0x04c00000, 0x05050000, 0x05050000)
  from space 512K,  27% used [0x05050000, 0x050731f0, 0x050d0000)
  to   space 512K,   0% used [0x050d0000, 0x050d0000, 0x05150000)
 tenured generation   total 10944K, used 10234K [0x0a150000, 0x0ac00000, 0x14c00000)
   the space 10944K,  93% used [0x0a150000, 0x0ab4e8e8, 0x0ab4ea00, 0x0ac00000)
 Metaspace       used 2356K, capacity 2503K, committed 2624K, reserved 4480K
Event: 3.786 GC heap after
Heap after GC invocations=5 (full 0):
 def new generation   total 4928K, used 281K [0x04c00000, 0x05150000, 0x0a150000)
  eden space 4416K,   0% used [0x04c00000, 0x04c00000, 0x05050000)
  from space 512K,  54% used [0x050d0000, 0x05116458, 0x05150000)
  to   space 512K,   0% used [0x05050000, 0x05050000, 0x050d0000)
 tenured generation   total 10944K, used 10234K [0x0a150000, 0x0ac00000, 0x14c00000)
   the space 10944K,  93% used [0x0a150000, 0x0ab4e8e8, 0x0ab4ea00, 0x0ac00000)
 Metaspace       used 2356K, capacity 2503K, committed 2624K, reserved 4480K
}
Event: 3.789 GC heap before
{Heap before GC invocations=5 (full 0):
 def new generation   total 4928K, used 4697K [0x04c00000, 0x05150000, 0x0a150000)
  eden space 4416K, 100% used [0x04c00000, 0x05050000, 0x05050000)
  from space 512K,  54% used [0x050d0000, 0x05116458, 0x05150000)
  to   space 512K,   0% used [0x05050000, 0x05050000, 0x050d0000)
 tenured generation   total 10944K, used 10234K [0x0a150000, 0x0ac00000, 0x14c00000)
   the space 10944K,  93% used [0x0a150000, 0x0ab4e8e8, 0x0ab4ea00, 0x0ac00000)
 Metaspace       used 2356K, capacity 2503K, committed 2624K, reserved 4480K
Event: 3.791 GC heap after
Heap after GC invocations=6 (full 0):
 def new generation   total 4928K, used 281K [0x04c00000, 0x05150000, 0x0a150000)
  eden space 4416K,   0% used [0x04c00000, 0x04c00000, 0x05050000)
  from space 512K,  54% used [0x05050000, 0x050964a0, 0x050d0000)
  to   space 512K,   0% used [0x050d0000, 0x050d0000, 0x05150000)
 tenured generation   total 10944K, used 10374K [0x0a150000, 0x0ac00000, 0x14c00000)
   the space 10944K,  94% used [0x0a150000, 0x0ab71ad8, 0x0ab71c00, 0x0ac00000)
 Metaspace       used 2356K, capacity 2503K, committed 2624K, reserved 4480K
}
Event: 3.796 GC heap before
{Heap before GC invocations=6 (full 0):
 def new generation   total 4928K, used 4636K [0x04c00000, 0x05150000, 0x0a150000)
  eden space 4416K,  98% used [0x04c00000, 0x05040bb0, 0x05050000)
  from space 512K,  54% used [0x05050000, 0x050964a0, 0x050d0000)
  to   space 512K,   0% used [0x050d0000, 0x050d0000, 0x05150000)
 tenured generation   total 10944K, used 10374K [0x0a150000, 0x0ac00000, 0x14c00000)
   the space 10944K,  94% used [0x0a150000, 0x0ab71ad8, 0x0ab71c00, 0x0ac00000)
 Metaspace       used 2356K, capacity 2503K, committed 2624K, reserved 4480K
Event: 3.798 GC heap after
Heap after GC invocations=7 (full 0):
 def new generation   total 4928K, used 278K [0x04c00000, 0x05150000, 0x0a150000)
  eden space 4416K,   0% used [0x04c00000, 0x04c00000, 0x05050000)
  from space 512K,  54% used [0x050d0000, 0x051158d0, 0x05150000)
  to   space 512K,   0% used [0x05050000, 0x05050000, 0x050d0000)
 tenured generation   total 10944K, used 10515K [0x0a150000, 0x0ac00000, 0x14c00000)
   the space 10944K,  96% used [0x0a150000, 0x0ab94d40, 0x0ab94e00, 0x0ac00000)
 Metaspace       used 2356K, capacity 2503K, committed 2624K, reserved 4480K
}
Event: 4.003 GC heap before
{Heap before GC invocations=7 (full 0):
 def new generation   total 4928K, used 4694K [0x04c00000, 0x05150000, 0x0a150000)
  eden space 4416K, 100% used [0x04c00000, 0x05050000, 0x05050000)
  from space 512K,  54% used [0x050d0000, 0x051158d0, 0x05150000)
  to   space 512K,   0% used [0x05050000, 0x05050000, 0x050d0000)
 tenured generation   total 10944K, used 10515K [0x0a150000, 0x0ac00000, 0x14c00000)
   the space 10944K,  96% used [0x0a150000, 0x0ab94d40, 0x0ab94e00, 0x0ac00000)
 Metaspace       used 2356K, capacity 2503K, committed 2624K, reserved 4480K
Event: 4.022 GC heap after
Heap after GC invocations=8 (full 0):
 def new generation   total 4928K, used 278K [0x04c00000, 0x05150000, 0x0a150000)
  eden space 4416K,   0% used [0x04c00000, 0x04c00000, 0x05050000)
  from space 512K,  54% used [0x05050000, 0x050958e8, 0x050d0000)
  to   space 512K,   0% used [0x050d0000, 0x050d0000, 0x05150000)
 tenured generation   total 10944K, used 10655K [0x0a150000, 0x0ac00000, 0x14c00000)
   the space 10944K,  97% used [0x0a150000, 0x0abb7f78, 0x0abb8000, 0x0ac00000)
 Metaspace       used 2356K, capacity 2503K, committed 2624K, reserved 4480K
}
Event: 4.148 GC heap before
{Heap before GC invocations=8 (full 0):
 def new generation   total 4928K, used 4694K [0x04c00000, 0x05150000, 0x0a150000)
  eden space 4416K,  99% used [0x04c00000, 0x0504ff70, 0x05050000)
  from space 512K,  54% used [0x05050000, 0x050958e8, 0x050d0000)
  to   space 512K,   0% used [0x050d0000, 0x050d0000, 0x05150000)
 tenured generation   total 10944K, used 10655K [0x0a150000, 0x0ac00000, 0x14c00000)
   the space 10944K,  97% used [0x0a150000, 0x0abb7f78, 0x0abb8000, 0x0ac00000)
 Metaspace       used 2356K, capacity 2503K, committed 2624K, reserved 4480K
Event: 4.152 GC heap after
Heap after GC invocations=9 (full 0):
 def new generation   total 4928K, used 456K [0x04c00000, 0x05150000, 0x0a150000)
  eden space 4416K,   0% used [0x04c00000, 0x04c00000, 0x05050000)
  from space 512K,  89% used [0x050d0000, 0x05142058, 0x05150000)
  to   space 512K,   0% used [0x05050000, 0x05050000, 0x050d0000)
 tenured generation   total 10944K, used 10793K [0x0a150000, 0x0ac00000, 0x14c00000)
   the space 10944K,  98% used [0x0a150000, 0x0abda610, 0x0abda800, 0x0ac00000)
 Metaspace       used 2356K, capacity 2503K, committed 2624K, reserved 4480K
}

