# JRE version: Java(TM) SE Runtime Environment (8.0_311-b11) (build 1.8.0_311-b11)
# Java VM: Java HotSpot(TM) Client VM (25.311-b11 mixed mode windows-x86 )
Heap:
 def new generation   total 4928K, used 303K [0x04400000, 0x04950000, 0x09950000)
  eden space 4416K,   0% used [0x04400000, 0x04400000, 0x04850000)
  from space 512K,  59% used [0x048d0000, 0x0491beb0, 0x04950000)
  to   space 512K,   0% used [0x04850000, 0x04850000, 0x048d0000)
 tenured generation   total 11200K, used 11118K [0x09950000, 0x0a440000, 0x14400000)
   the space 11200K,  99% used [0x09950000, 0x0a42b950, 0x0a42ba00, 0x0a440000)
 Metaspace       used 2372K, capacity 2503K, committed 2624K, reserved 4480K
GC Heap History (10 events):
Event: 1.815 GC heap after
Heap after GC invocations=6 (full 0):
 def new generation   total 4928K, used 362K [0x04400000, 0x04950000, 0x09950000)
  eden space 4416K,   0% used [0x04400000, 0x04400000, 0x04850000)
  from space 512K,  70% used [0x04850000, 0x048aaa80, 0x048d0000)
  to   space 512K,   0% used [0x048d0000, 0x048d0000, 0x04950000)
 tenured generation   total 10944K, used 10212K [0x09950000, 0x0a400000, 0x14400000)
   the space 10944K,  93% used [0x09950000, 0x0a349030, 0x0a349200, 0x0a400000)
 Metaspace       used 2354K, capacity 2503K, committed 2624K, reserved 4480K
}
Event: 2.106 GC heap before
{Heap before GC invocations=6 (full 0):
 def new generation   total 4928K, used 4778K [0x04400000, 0x04950000, 0x09950000)
  eden space 4416K, 100% used [0x04400000, 0x04850000, 0x04850000)
  from space 512K,  70% used [0x04850000, 0x048aaa80, 0x048d0000)
  to   space 512K,   0% used [0x048d0000, 0x048d0000, 0x04950000)
 tenured generation   total 10944K, used 10212K [0x09950000, 0x0a400000, 0x14400000)
   the space 10944K,  93% used [0x09950000, 0x0a349030, 0x0a349200, 0x0a400000)
 Metaspace       used 2356K, capacity 2503K, committed 2624K, reserved 4480K
Event: 2.110 GC heap after
Heap after GC invocations=7 (full 0):
 def new generation   total 4928K, used 269K [0x04400000, 0x04950000, 0x09950000)
  eden space 4416K,   0% used [0x04400000, 0x04400000, 0x04850000)
  from space 512K,  52% used [0x048d0000, 0x049136e0, 0x04950000)
  to   space 512K,   0% used [0x04850000, 0x04850000, 0x048d0000)
 tenured generation   total 10944K, used 10328K [0x09950000, 0x0a400000, 0x14400000)
   the space 10944K,  94% used [0x09950000, 0x0a3660c8, 0x0a366200, 0x0a400000)
 Metaspace       used 2356K, capacity 2503K, committed 2624K, reserved 4480K
}
Event: 2.111 GC heap before
{Heap before GC invocations=7 (full 0):
 def new generation   total 4928K, used 4685K [0x04400000, 0x04950000, 0x09950000)
  eden space 4416K, 100% used [0x04400000, 0x04850000, 0x04850000)
  from space 512K,  52% used [0x048d0000, 0x049136e0, 0x04950000)
  to   space 512K,   0% used [0x04850000, 0x04850000, 0x048d0000)
 tenured generation   total 10944K, used 10328K [0x09950000, 0x0a400000, 0x14400000)
   the space 10944K,  94% used [0x09950000, 0x0a3660c8, 0x0a366200, 0x0a400000)
 Metaspace       used 2356K, capacity 2503K, committed 2624K, reserved 4480K
Event: 2.114 GC heap after
Heap after GC invocations=8 (full 0):
 def new generation   total 4928K, used 108K [0x04400000, 0x04950000, 0x09950000)
  eden space 4416K,   0% used [0x04400000, 0x04400000, 0x04850000)
  from space 512K,  21% used [0x04850000, 0x0486b200, 0x048d0000)
  to   space 512K,   0% used [0x048d0000, 0x048d0000, 0x04950000)
 tenured generation   total 10944K, used 10513K [0x09950000, 0x0a400000, 0x14400000)
   the space 10944K,  96% used [0x09950000, 0x0a394740, 0x0a394800, 0x0a400000)
 Metaspace       used 2356K, capacity 2503K, committed 2624K, reserved 4480K
}
Event: 2.117 GC heap before
{Heap before GC invocations=8 (full 0):
 def new generation   total 4928K, used 4524K [0x04400000, 0x04950000, 0x09950000)
  eden space 4416K, 100% used [0x04400000, 0x04850000, 0x04850000)
  from space 512K,  21% used [0x04850000, 0x0486b200, 0x048d0000)
  to   space 512K,   0% used [0x048d0000, 0x048d0000, 0x04950000)
 tenured generation   total 10944K, used 10513K [0x09950000, 0x0a400000, 0x14400000)
   the space 10944K,  96% used [0x09950000, 0x0a394740, 0x0a394800, 0x0a400000)
 Metaspace       used 2372K, capacity 2503K, committed 2624K, reserved 4480K
Event: 2.119 GC heap after
Heap after GC invocations=9 (full 0):
 def new generation   total 4928K, used 266K [0x04400000, 0x04950000, 0x09950000)
  eden space 4416K,   0% used [0x04400000, 0x04400000, 0x04850000)
  from space 512K,  52% used [0x048d0000, 0x04912b28, 0x04950000)
  to   space 512K,   0% used [0x04850000, 0x04850000, 0x048d0000)
 tenured generation   total 10944K, used 10513K [0x09950000, 0x0a400000, 0x14400000)
   the space 10944K,  96% used [0x09950000, 0x0a394740, 0x0a394800, 0x0a400000)
 Metaspace       used 2372K, capacity 2503K, committed 2624K, reserved 4480K
}
Event: 2.124 GC heap before
{Heap before GC invocations=9 (full 0):
 def new generation   total 4928K, used 4682K [0x04400000, 0x04950000, 0x09950000)
  eden space 4416K, 100% used [0x04400000, 0x04850000, 0x04850000)
  from space 512K,  52% used [0x048d0000, 0x04912b28, 0x04950000)
  to   space 512K,   0% used [0x04850000, 0x04850000, 0x048d0000)
 tenured generation   total 10944K, used 10513K [0x09950000, 0x0a400000, 0x14400000)
   the space 10944K,  96% used [0x09950000, 0x0a394740, 0x0a394800, 0x0a400000)
 Metaspace       used 2372K, capacity 2503K, committed 2624K, reserved 4480K
Event: 2.126 GC heap after
Heap after GC invocations=10 (full 0):
 def new generation   total 4928K, used 511K [0x04400000, 0x04950000, 0x09950000)
  eden space 4416K,   0% used [0x04400000, 0x04400000, 0x04850000)
  from space 512K,  99% used [0x04850000, 0x048cfff8, 0x048d0000)
  to   space 512K,   0% used [0x048d0000, 0x048d0000, 0x04950000)
 tenured generation   total 10944K, used 10613K [0x09950000, 0x0a400000, 0x14400000)
   the space 10944K,  96% used [0x09950000, 0x0a3ad650, 0x0a3ad800, 0x0a400000)
 Metaspace       used 2372K, capacity 2503K, committed 2624K, reserved 4480K
}
Event: 2.128 GC heap before
{Heap before GC invocations=10 (full 0):
 def new generation   total 4928K, used 4927K [0x04400000, 0x04950000, 0x09950000)
  eden space 4416K, 100% used [0x04400000, 0x04850000, 0x04850000)
  from space 512K,  99% used [0x04850000, 0x048cfff8, 0x048d0000)
  to   space 512K,   0% used [0x048d0000, 0x048d0000, 0x04950000)
 tenured generation   total 10944K, used 10613K [0x09950000, 0x0a400000, 0x14400000)
   the space 10944K,  96% used [0x09950000, 0x0a3ad650, 0x0a3ad800, 0x0a400000)
 Metaspace       used 2372K, capacity 2503K, committed 2624K, reserved 4480K

