# JRE version: Java(TM) SE Runtime Environment (8.0_311-b11) (build 1.8.0_311-b11)
# Java VM: Java HotSpot(TM) Client VM (25.311-b11 mixed mode windows-x86 )
Heap:
 def new generation   total 4928K, used 512K [0x04e00000, 0x05350000, 0x0a350000)
  eden space 4416K,   0% used [0x04e00000, 0x04e00000, 0x05250000)
  from space 512K, 100% used [0x052d0000, 0x05350000, 0x05350000)
  to   space 512K,   0% used [0x05250000, 0x05250000, 0x052d0000)
 tenured generation   total 11200K, used 11102K [0x0a350000, 0x0ae40000, 0x14e00000)
   the space 11200K,  99% used [0x0a350000, 0x0ae27970, 0x0ae27a00, 0x0ae40000)
 Metaspace       used 2359K, capacity 2503K, committed 2624K, reserved 4480K
GC Heap History (10 events):
Event: 11.635 GC heap after
Heap after GC invocations=6 (full 0):
 def new generation   total 4928K, used 279K [0x04e00000, 0x05350000, 0x0a350000)
  eden space 4416K,   0% used [0x04e00000, 0x04e00000, 0x05250000)
  from space 512K,  54% used [0x05250000, 0x05295d30, 0x052d0000)
  to   space 512K,   0% used [0x052d0000, 0x052d0000, 0x05350000)
 tenured generation   total 10944K, used 10416K [0x0a350000, 0x0ae00000, 0x14e00000)
   the space 10944K,  95% used [0x0a350000, 0x0ad7c000, 0x0ad7c000, 0x0ae00000)
 Metaspace       used 2359K, capacity 2503K, committed 2624K, reserved 4480K
}
Event: 11.697 GC heap before
{Heap before GC invocations=6 (full 0):
 def new generation   total 4928K, used 4695K [0x04e00000, 0x05350000, 0x0a350000)
  eden space 4416K, 100% used [0x04e00000, 0x05250000, 0x05250000)
  from space 512K,  54% used [0x05250000, 0x05295d30, 0x052d0000)
  to   space 512K,   0% used [0x052d0000, 0x052d0000, 0x05350000)
 tenured generation   total 10944K, used 10416K [0x0a350000, 0x0ae00000, 0x14e00000)
   the space 10944K,  95% used [0x0a350000, 0x0ad7c000, 0x0ad7c000, 0x0ae00000)
 Metaspace       used 2359K, capacity 2503K, committed 2624K, reserved 4480K
Event: 11.728 GC heap after
Heap after GC invocations=7 (full 0):
 def new generation   total 4928K, used 281K [0x04e00000, 0x05350000, 0x0a350000)
  eden space 4416K,   0% used [0x04e00000, 0x04e00000, 0x05250000)
  from space 512K,  54% used [0x052d0000, 0x05316458, 0x05350000)
  to   space 512K,   0% used [0x05250000, 0x05250000, 0x052d0000)
 tenured generation   total 10944K, used 10554K [0x0a350000, 0x0ae00000, 0x14e00000)
   the space 10944K,  96% used [0x0a350000, 0x0ad9ea98, 0x0ad9ec00, 0x0ae00000)
 Metaspace       used 2359K, capacity 2503K, committed 2624K, reserved 4480K
}
Event: 11.921 GC heap before
{Heap before GC invocations=7 (full 0):
 def new generation   total 4928K, used 4697K [0x04e00000, 0x05350000, 0x0a350000)
  eden space 4416K, 100% used [0x04e00000, 0x05250000, 0x05250000)
  from space 512K,  54% used [0x052d0000, 0x05316458, 0x05350000)
  to   space 512K,   0% used [0x05250000, 0x05250000, 0x052d0000)
 tenured generation   total 10944K, used 10554K [0x0a350000, 0x0ae00000, 0x14e00000)
   the space 10944K,  96% used [0x0a350000, 0x0ad9ea98, 0x0ad9ec00, 0x0ae00000)
 Metaspace       used 2359K, capacity 2503K, committed 2624K, reserved 4480K
Event: 11.998 GC heap after
Heap after GC invocations=8 (full 0):
 def new generation   total 4928K, used 280K [0x04e00000, 0x05350000, 0x0a350000)
  eden space 4416K,   0% used [0x04e00000, 0x04e00000, 0x05250000)
  from space 512K,  54% used [0x05250000, 0x052963c8, 0x052d0000)
  to   space 512K,   0% used [0x052d0000, 0x052d0000, 0x05350000)
 tenured generation   total 10944K, used 10695K [0x0a350000, 0x0ae00000, 0x14e00000)
   the space 10944K,  97% used [0x0a350000, 0x0adc1d30, 0x0adc1e00, 0x0ae00000)
 Metaspace       used 2359K, capacity 2503K, committed 2624K, reserved 4480K
}
Event: 14.481 GC heap before
{Heap before GC invocations=8 (full 0):
 def new generation   total 4928K, used 4696K [0x04e00000, 0x05350000, 0x0a350000)
  eden space 4416K, 100% used [0x04e00000, 0x05250000, 0x05250000)
  from space 512K,  54% used [0x05250000, 0x052963c8, 0x052d0000)
  to   space 512K,   0% used [0x052d0000, 0x052d0000, 0x05350000)
 tenured generation   total 10944K, used 10695K [0x0a350000, 0x0ae00000, 0x14e00000)
   the space 10944K,  97% used [0x0a350000, 0x0adc1d30, 0x0adc1e00, 0x0ae00000)
 Metaspace       used 2359K, capacity 2503K, committed 2624K, reserved 4480K
Event: 14.526 GC heap after
Heap after GC invocations=9 (full 0):
 def new generation   total 4928K, used 281K [0x04e00000, 0x05350000, 0x0a350000)
  eden space 4416K,   0% used [0x04e00000, 0x04e00000, 0x05250000)
  from space 512K,  55% used [0x052d0000, 0x053166a8, 0x05350000)
  to   space 512K,   0% used [0x05250000, 0x05250000, 0x052d0000)
 tenured generation   total 10944K, used 10835K [0x0a350000, 0x0ae00000, 0x14e00000)
   the space 10944K,  99% used [0x0a350000, 0x0ade4ef0, 0x0ade5000, 0x0ae00000)
 Metaspace       used 2359K, capacity 2503K, committed 2624K, reserved 4480K
}
Event: 14.817 GC heap before
{Heap before GC invocations=9 (full 0):
 def new generation   total 4928K, used 4697K [0x04e00000, 0x05350000, 0x0a350000)
  eden space 4416K, 100% used [0x04e00000, 0x05250000, 0x05250000)
  from space 512K,  55% used [0x052d0000, 0x053166a8, 0x05350000)
  to   space 512K,   0% used [0x05250000, 0x05250000, 0x052d0000)
 tenured generation   total 10944K, used 10835K [0x0a350000, 0x0ae00000, 0x14e00000)
   the space 10944K,  99% used [0x0a350000, 0x0ade4ef0, 0x0ade5000, 0x0ae00000)
 Metaspace       used 2359K, capacity 2503K, committed 2624K, reserved 4480K
Event: 17.845 GC heap after
Heap after GC invocations=10 (full 1):
 def new generation   total 4928K, used 348K [0x04e00000, 0x05350000, 0x0a350000)
  eden space 4416K,   7% used [0x04e00000, 0x04e573d0, 0x05250000)
  from space 512K,   0% used [0x05250000, 0x05250000, 0x052d0000)
  to   space 512K,   0% used [0x052d0000, 0x052d0000, 0x05350000)
 tenured generation   total 11072K, used 11071K [0x0a350000, 0x0ae20000, 0x14e00000)
   the space 11072K,  99% used [0x0a350000, 0x0ae1ff50, 0x0ae20000, 0x0ae20000)
 Metaspace       used 2359K, capacity 2503K, committed 2624K, reserved 4480K
}
Event: 18.144 GC heap before
{Heap before GC invocations=10 (full 1):
 def new generation   total 4928K, used 4416K [0x04e00000, 0x05350000, 0x0a350000)
  eden space 4416K, 100% used [0x04e00000, 0x05250000, 0x05250000)
  from space 512K,   0% used [0x05250000, 0x05250000, 0x052d0000)
  to   space 512K,   0% used [0x052d0000, 0x052d0000, 0x05350000)
 tenured generation   total 11072K, used 11071K [0x0a350000, 0x0ae20000, 0x14e00000)
   the space 11072K,  99% used [0x0a350000, 0x0ae1ff50, 0x0ae20000, 0x0ae20000)
 Metaspace       used 2359K, capacity 2503K, committed 2624K, reserved 4480K

